<?xml version="1.0" encoding="UTF-8"?>
<<<<<<< HEAD
<testsuite xmlns:xsi="http://www.w3.org/2001/XMLSchema-instance" xsi:noNamespaceSchemaLocation="https://maven.apache.org/surefire/maven-surefire-plugin/xsd/surefire-test-report.xsd" name="org.narainfo.PnuWebSpellerApplicationTests" time="4.119" tests="1" errors="0" skipped="0" failures="0">
=======
<testsuite xmlns:xsi="http://www.w3.org/2001/XMLSchema-instance" xsi:noNamespaceSchemaLocation="https://maven.apache.org/surefire/maven-surefire-plugin/xsd/surefire-test-report.xsd" name="org.narainfo.PnuWebSpellerApplicationTests" time="3.896" tests="1" errors="0" skipped="0" failures="0">
>>>>>>> faf3283c0d40e9f8335faf5956c4d60003855fe2
  <properties>
    <property name="sun.desktop" value="windows"/>
    <property name="awt.toolkit" value="sun.awt.windows.WToolkit"/>
    <property name="file.encoding.pkg" value="sun.io"/>
    <property name="java.specification.version" value="1.8"/>
    <property name="sun.cpu.isalist" value="amd64"/>
    <property name="sun.jnu.encoding" value="MS949"/>
<<<<<<< HEAD
    <property name="java.class.path" value="C:\dev\eclipse-workspace\PnuWebSpeller\target\test-classes;C:\dev\eclipse-workspace\PnuWebSpeller\target\classes;C:\dev\apache-maven-3.5.3\repository\org\springframework\boot\spring-boot-starter-web\2.0.8.RELEASE\spring-boot-starter-web-2.0.8.RELEASE.jar;C:\dev\apache-maven-3.5.3\repository\org\springframework\boot\spring-boot-starter\2.0.8.RELEASE\spring-boot-starter-2.0.8.RELEASE.jar;C:\dev\apache-maven-3.5.3\repository\org\springframework\boot\spring-boot-starter-logging\2.0.8.RELEASE\spring-boot-starter-logging-2.0.8.RELEASE.jar;C:\dev\apache-maven-3.5.3\repository\ch\qos\logback\logback-classic\1.2.3\logback-classic-1.2.3.jar;C:\dev\apache-maven-3.5.3\repository\ch\qos\logback\logback-core\1.2.3\logback-core-1.2.3.jar;C:\dev\apache-maven-3.5.3\repository\org\apache\logging\log4j\log4j-to-slf4j\2.10.0\log4j-to-slf4j-2.10.0.jar;C:\dev\apache-maven-3.5.3\repository\org\apache\logging\log4j\log4j-api\2.10.0\log4j-api-2.10.0.jar;C:\dev\apache-maven-3.5.3\repository\org\slf4j\jul-to-slf4j\1.7.25\jul-to-slf4j-1.7.25.jar;C:\dev\apache-maven-3.5.3\repository\org\yaml\snakeyaml\1.19\snakeyaml-1.19.jar;C:\dev\apache-maven-3.5.3\repository\org\springframework\boot\spring-boot-starter-json\2.0.8.RELEASE\spring-boot-starter-json-2.0.8.RELEASE.jar;C:\dev\apache-maven-3.5.3\repository\com\fasterxml\jackson\core\jackson-databind\2.9.8\jackson-databind-2.9.8.jar;C:\dev\apache-maven-3.5.3\repository\com\fasterxml\jackson\core\jackson-annotations\2.9.0\jackson-annotations-2.9.0.jar;C:\dev\apache-maven-3.5.3\repository\com\fasterxml\jackson\core\jackson-core\2.9.8\jackson-core-2.9.8.jar;C:\dev\apache-maven-3.5.3\repository\com\fasterxml\jackson\datatype\jackson-datatype-jdk8\2.9.8\jackson-datatype-jdk8-2.9.8.jar;C:\dev\apache-maven-3.5.3\repository\com\fasterxml\jackson\datatype\jackson-datatype-jsr310\2.9.8\jackson-datatype-jsr310-2.9.8.jar;C:\dev\apache-maven-3.5.3\repository\com\fasterxml\jackson\module\jackson-module-parameter-names\2.9.8\jackson-module-parameter-names-2.9.8.jar;C:\dev\apache-maven-3.5.3\repository\org\hibernate\validator\hibernate-validator\6.0.14.Final\hibernate-validator-6.0.14.Final.jar;C:\dev\apache-maven-3.5.3\repository\javax\validation\validation-api\2.0.1.Final\validation-api-2.0.1.Final.jar;C:\dev\apache-maven-3.5.3\repository\org\jboss\logging\jboss-logging\3.3.2.Final\jboss-logging-3.3.2.Final.jar;C:\dev\apache-maven-3.5.3\repository\com\fasterxml\classmate\1.3.4\classmate-1.3.4.jar;C:\dev\apache-maven-3.5.3\repository\org\springframework\spring-web\5.0.12.RELEASE\spring-web-5.0.12.RELEASE.jar;C:\dev\apache-maven-3.5.3\repository\org\springframework\spring-beans\5.0.12.RELEASE\spring-beans-5.0.12.RELEASE.jar;C:\dev\apache-maven-3.5.3\repository\org\springframework\spring-webmvc\5.0.12.RELEASE\spring-webmvc-5.0.12.RELEASE.jar;C:\dev\apache-maven-3.5.3\repository\org\springframework\spring-aop\5.0.12.RELEASE\spring-aop-5.0.12.RELEASE.jar;C:\dev\apache-maven-3.5.3\repository\org\springframework\spring-context\5.0.12.RELEASE\spring-context-5.0.12.RELEASE.jar;C:\dev\apache-maven-3.5.3\repository\org\springframework\spring-expression\5.0.12.RELEASE\spring-expression-5.0.12.RELEASE.jar;C:\dev\apache-maven-3.5.3\repository\org\springframework\boot\spring-boot-devtools\2.0.8.RELEASE\spring-boot-devtools-2.0.8.RELEASE.jar;C:\dev\apache-maven-3.5.3\repository\org\springframework\boot\spring-boot\2.0.8.RELEASE\spring-boot-2.0.8.RELEASE.jar;C:\dev\apache-maven-3.5.3\repository\org\springframework\boot\spring-boot-autoconfigure\2.0.8.RELEASE\spring-boot-autoconfigure-2.0.8.RELEASE.jar;C:\dev\apache-maven-3.5.3\repository\org\springframework\boot\spring-boot-starter-test\2.0.8.RELEASE\spring-boot-starter-test-2.0.8.RELEASE.jar;C:\dev\apache-maven-3.5.3\repository\org\springframework\boot\spring-boot-test\2.0.8.RELEASE\spring-boot-test-2.0.8.RELEASE.jar;C:\dev\apache-maven-3.5.3\repository\org\springframework\boot\spring-boot-test-autoconfigure\2.0.8.RELEASE\spring-boot-test-autoconfigure-2.0.8.RELEASE.jar;C:\dev\apache-maven-3.5.3\repository\com\jayway\jsonpath\json-path\2.4.0\json-path-2.4.0.jar;C:\dev\apache-maven-3.5.3\repository\net\minidev\json-smart\2.3\json-smart-2.3.jar;C:\dev\apache-maven-3.5.3\repository\net\minidev\accessors-smart\1.2\accessors-smart-1.2.jar;C:\dev\apache-maven-3.5.3\repository\org\ow2\asm\asm\5.0.4\asm-5.0.4.jar;C:\dev\apache-maven-3.5.3\repository\org\slf4j\slf4j-api\1.7.25\slf4j-api-1.7.25.jar;C:\dev\apache-maven-3.5.3\repository\junit\junit\4.12\junit-4.12.jar;C:\dev\apache-maven-3.5.3\repository\org\assertj\assertj-core\3.9.1\assertj-core-3.9.1.jar;C:\dev\apache-maven-3.5.3\repository\org\mockito\mockito-core\2.15.0\mockito-core-2.15.0.jar;C:\dev\apache-maven-3.5.3\repository\net\bytebuddy\byte-buddy\1.7.11\byte-buddy-1.7.11.jar;C:\dev\apache-maven-3.5.3\repository\net\bytebuddy\byte-buddy-agent\1.7.11\byte-buddy-agent-1.7.11.jar;C:\dev\apache-maven-3.5.3\repository\org\objenesis\objenesis\2.6\objenesis-2.6.jar;C:\dev\apache-maven-3.5.3\repository\org\hamcrest\hamcrest-core\1.3\hamcrest-core-1.3.jar;C:\dev\apache-maven-3.5.3\repository\org\hamcrest\hamcrest-library\1.3\hamcrest-library-1.3.jar;C:\dev\apache-maven-3.5.3\repository\org\skyscreamer\jsonassert\1.5.0\jsonassert-1.5.0.jar;C:\dev\apache-maven-3.5.3\repository\com\vaadin\external\google\android-json\0.0.20131108.vaadin1\android-json-0.0.20131108.vaadin1.jar;C:\dev\apache-maven-3.5.3\repository\org\springframework\spring-core\5.0.12.RELEASE\spring-core-5.0.12.RELEASE.jar;C:\dev\apache-maven-3.5.3\repository\org\springframework\spring-jcl\5.0.12.RELEASE\spring-jcl-5.0.12.RELEASE.jar;C:\dev\apache-maven-3.5.3\repository\org\springframework\spring-test\5.0.12.RELEASE\spring-test-5.0.12.RELEASE.jar;C:\dev\apache-maven-3.5.3\repository\org\xmlunit\xmlunit-core\2.5.1\xmlunit-core-2.5.1.jar;C:\dev\apache-maven-3.5.3\repository\org\json\json\20180813\json-20180813.jar;C:\dev\apache-maven-3.5.3\repository\org\springframework\boot\spring-boot-starter-tomcat\2.0.8.RELEASE\spring-boot-starter-tomcat-2.0.8.RELEASE.jar;C:\dev\apache-maven-3.5.3\repository\javax\annotation\javax.annotation-api\1.3.2\javax.annotation-api-1.3.2.jar;C:\dev\apache-maven-3.5.3\repository\org\apache\tomcat\embed\tomcat-embed-core\8.5.37\tomcat-embed-core-8.5.37.jar;C:\dev\apache-maven-3.5.3\repository\org\apache\tomcat\embed\tomcat-embed-el\8.5.37\tomcat-embed-el-8.5.37.jar;C:\dev\apache-maven-3.5.3\repository\org\apache\tomcat\embed\tomcat-embed-websocket\8.5.37\tomcat-embed-websocket-8.5.37.jar;C:\dev\apache-maven-3.5.3\repository\javax\servlet\jstl\1.2\jstl-1.2.jar;C:\dev\apache-maven-3.5.3\repository\org\springframework\boot\spring-boot-starter-jdbc\2.0.8.RELEASE\spring-boot-starter-jdbc-2.0.8.RELEASE.jar;C:\dev\apache-maven-3.5.3\repository\com\zaxxer\HikariCP\2.7.9\HikariCP-2.7.9.jar;C:\dev\apache-maven-3.5.3\repository\org\springframework\spring-jdbc\5.0.12.RELEASE\spring-jdbc-5.0.12.RELEASE.jar;C:\dev\apache-maven-3.5.3\repository\org\springframework\spring-tx\5.0.12.RELEASE\spring-tx-5.0.12.RELEASE.jar;C:\dev\apache-maven-3.5.3\repository\org\mybatis\spring\boot\mybatis-spring-boot-starter\2.0.0\mybatis-spring-boot-starter-2.0.0.jar;C:\dev\apache-maven-3.5.3\repository\org\mybatis\spring\boot\mybatis-spring-boot-autoconfigure\2.0.0\mybatis-spring-boot-autoconfigure-2.0.0.jar;C:\dev\apache-maven-3.5.3\repository\org\mybatis\mybatis\3.5.0\mybatis-3.5.0.jar;C:\dev\apache-maven-3.5.3\repository\org\mybatis\mybatis-spring\2.0.0\mybatis-spring-2.0.0.jar;C:\dev\apache-maven-3.5.3\repository\mysql\mysql-connector-java\6.0.6\mysql-connector-java-6.0.6.jar;C:\dev\apache-maven-3.5.3\repository\javax\mail\mail\1.4.7\mail-1.4.7.jar;C:\dev\apache-maven-3.5.3\repository\javax\activation\activation\1.1\activation-1.1.jar;"/>
=======
    <property name="java.class.path" value="C:\dev\eclipse-workspace\PnuWebSpeller\target\test-classes;C:\dev\eclipse-workspace\PnuWebSpeller\target\classes;C:\dev\apache-maven-3.5.3\repository\org\springframework\boot\spring-boot-starter-web\2.0.8.RELEASE\spring-boot-starter-web-2.0.8.RELEASE.jar;C:\dev\apache-maven-3.5.3\repository\org\springframework\boot\spring-boot-starter\2.0.8.RELEASE\spring-boot-starter-2.0.8.RELEASE.jar;C:\dev\apache-maven-3.5.3\repository\org\springframework\boot\spring-boot-starter-logging\2.0.8.RELEASE\spring-boot-starter-logging-2.0.8.RELEASE.jar;C:\dev\apache-maven-3.5.3\repository\ch\qos\logback\logback-classic\1.2.3\logback-classic-1.2.3.jar;C:\dev\apache-maven-3.5.3\repository\ch\qos\logback\logback-core\1.2.3\logback-core-1.2.3.jar;C:\dev\apache-maven-3.5.3\repository\org\apache\logging\log4j\log4j-to-slf4j\2.10.0\log4j-to-slf4j-2.10.0.jar;C:\dev\apache-maven-3.5.3\repository\org\apache\logging\log4j\log4j-api\2.10.0\log4j-api-2.10.0.jar;C:\dev\apache-maven-3.5.3\repository\org\slf4j\jul-to-slf4j\1.7.25\jul-to-slf4j-1.7.25.jar;C:\dev\apache-maven-3.5.3\repository\org\yaml\snakeyaml\1.19\snakeyaml-1.19.jar;C:\dev\apache-maven-3.5.3\repository\org\springframework\boot\spring-boot-starter-json\2.0.8.RELEASE\spring-boot-starter-json-2.0.8.RELEASE.jar;C:\dev\apache-maven-3.5.3\repository\com\fasterxml\jackson\core\jackson-databind\2.9.8\jackson-databind-2.9.8.jar;C:\dev\apache-maven-3.5.3\repository\com\fasterxml\jackson\core\jackson-annotations\2.9.0\jackson-annotations-2.9.0.jar;C:\dev\apache-maven-3.5.3\repository\com\fasterxml\jackson\core\jackson-core\2.9.8\jackson-core-2.9.8.jar;C:\dev\apache-maven-3.5.3\repository\com\fasterxml\jackson\datatype\jackson-datatype-jdk8\2.9.8\jackson-datatype-jdk8-2.9.8.jar;C:\dev\apache-maven-3.5.3\repository\com\fasterxml\jackson\datatype\jackson-datatype-jsr310\2.9.8\jackson-datatype-jsr310-2.9.8.jar;C:\dev\apache-maven-3.5.3\repository\com\fasterxml\jackson\module\jackson-module-parameter-names\2.9.8\jackson-module-parameter-names-2.9.8.jar;C:\dev\apache-maven-3.5.3\repository\org\hibernate\validator\hibernate-validator\6.0.14.Final\hibernate-validator-6.0.14.Final.jar;C:\dev\apache-maven-3.5.3\repository\javax\validation\validation-api\2.0.1.Final\validation-api-2.0.1.Final.jar;C:\dev\apache-maven-3.5.3\repository\org\jboss\logging\jboss-logging\3.3.2.Final\jboss-logging-3.3.2.Final.jar;C:\dev\apache-maven-3.5.3\repository\com\fasterxml\classmate\1.3.4\classmate-1.3.4.jar;C:\dev\apache-maven-3.5.3\repository\org\springframework\spring-web\5.0.12.RELEASE\spring-web-5.0.12.RELEASE.jar;C:\dev\apache-maven-3.5.3\repository\org\springframework\spring-beans\5.0.12.RELEASE\spring-beans-5.0.12.RELEASE.jar;C:\dev\apache-maven-3.5.3\repository\org\springframework\spring-webmvc\5.0.12.RELEASE\spring-webmvc-5.0.12.RELEASE.jar;C:\dev\apache-maven-3.5.3\repository\org\springframework\spring-aop\5.0.12.RELEASE\spring-aop-5.0.12.RELEASE.jar;C:\dev\apache-maven-3.5.3\repository\org\springframework\spring-context\5.0.12.RELEASE\spring-context-5.0.12.RELEASE.jar;C:\dev\apache-maven-3.5.3\repository\org\springframework\spring-expression\5.0.12.RELEASE\spring-expression-5.0.12.RELEASE.jar;C:\dev\apache-maven-3.5.3\repository\org\springframework\boot\spring-boot-devtools\2.0.8.RELEASE\spring-boot-devtools-2.0.8.RELEASE.jar;C:\dev\apache-maven-3.5.3\repository\org\springframework\boot\spring-boot\2.0.8.RELEASE\spring-boot-2.0.8.RELEASE.jar;C:\dev\apache-maven-3.5.3\repository\org\springframework\boot\spring-boot-autoconfigure\2.0.8.RELEASE\spring-boot-autoconfigure-2.0.8.RELEASE.jar;C:\dev\apache-maven-3.5.3\repository\org\springframework\boot\spring-boot-starter-test\2.0.8.RELEASE\spring-boot-starter-test-2.0.8.RELEASE.jar;C:\dev\apache-maven-3.5.3\repository\org\springframework\boot\spring-boot-test\2.0.8.RELEASE\spring-boot-test-2.0.8.RELEASE.jar;C:\dev\apache-maven-3.5.3\repository\org\springframework\boot\spring-boot-test-autoconfigure\2.0.8.RELEASE\spring-boot-test-autoconfigure-2.0.8.RELEASE.jar;C:\dev\apache-maven-3.5.3\repository\com\jayway\jsonpath\json-path\2.4.0\json-path-2.4.0.jar;C:\dev\apache-maven-3.5.3\repository\net\minidev\json-smart\2.3\json-smart-2.3.jar;C:\dev\apache-maven-3.5.3\repository\net\minidev\accessors-smart\1.2\accessors-smart-1.2.jar;C:\dev\apache-maven-3.5.3\repository\org\ow2\asm\asm\5.0.4\asm-5.0.4.jar;C:\dev\apache-maven-3.5.3\repository\org\slf4j\slf4j-api\1.7.25\slf4j-api-1.7.25.jar;C:\dev\apache-maven-3.5.3\repository\junit\junit\4.12\junit-4.12.jar;C:\dev\apache-maven-3.5.3\repository\org\assertj\assertj-core\3.9.1\assertj-core-3.9.1.jar;C:\dev\apache-maven-3.5.3\repository\org\mockito\mockito-core\2.15.0\mockito-core-2.15.0.jar;C:\dev\apache-maven-3.5.3\repository\net\bytebuddy\byte-buddy\1.7.11\byte-buddy-1.7.11.jar;C:\dev\apache-maven-3.5.3\repository\net\bytebuddy\byte-buddy-agent\1.7.11\byte-buddy-agent-1.7.11.jar;C:\dev\apache-maven-3.5.3\repository\org\objenesis\objenesis\2.6\objenesis-2.6.jar;C:\dev\apache-maven-3.5.3\repository\org\hamcrest\hamcrest-core\1.3\hamcrest-core-1.3.jar;C:\dev\apache-maven-3.5.3\repository\org\hamcrest\hamcrest-library\1.3\hamcrest-library-1.3.jar;C:\dev\apache-maven-3.5.3\repository\org\skyscreamer\jsonassert\1.5.0\jsonassert-1.5.0.jar;C:\dev\apache-maven-3.5.3\repository\com\vaadin\external\google\android-json\0.0.20131108.vaadin1\android-json-0.0.20131108.vaadin1.jar;C:\dev\apache-maven-3.5.3\repository\org\springframework\spring-core\5.0.12.RELEASE\spring-core-5.0.12.RELEASE.jar;C:\dev\apache-maven-3.5.3\repository\org\springframework\spring-jcl\5.0.12.RELEASE\spring-jcl-5.0.12.RELEASE.jar;C:\dev\apache-maven-3.5.3\repository\org\springframework\spring-test\5.0.12.RELEASE\spring-test-5.0.12.RELEASE.jar;C:\dev\apache-maven-3.5.3\repository\org\xmlunit\xmlunit-core\2.5.1\xmlunit-core-2.5.1.jar;C:\dev\apache-maven-3.5.3\repository\org\json\json\20180813\json-20180813.jar;C:\dev\apache-maven-3.5.3\repository\org\springframework\boot\spring-boot-starter-tomcat\2.0.8.RELEASE\spring-boot-starter-tomcat-2.0.8.RELEASE.jar;C:\dev\apache-maven-3.5.3\repository\javax\annotation\javax.annotation-api\1.3.2\javax.annotation-api-1.3.2.jar;C:\dev\apache-maven-3.5.3\repository\org\apache\tomcat\embed\tomcat-embed-core\8.5.37\tomcat-embed-core-8.5.37.jar;C:\dev\apache-maven-3.5.3\repository\org\apache\tomcat\embed\tomcat-embed-el\8.5.37\tomcat-embed-el-8.5.37.jar;C:\dev\apache-maven-3.5.3\repository\org\apache\tomcat\embed\tomcat-embed-websocket\8.5.37\tomcat-embed-websocket-8.5.37.jar;C:\dev\apache-maven-3.5.3\repository\javax\servlet\jstl\1.2\jstl-1.2.jar;C:\dev\apache-maven-3.5.3\repository\org\springframework\boot\spring-boot-starter-jdbc\2.0.8.RELEASE\spring-boot-starter-jdbc-2.0.8.RELEASE.jar;C:\dev\apache-maven-3.5.3\repository\com\zaxxer\HikariCP\2.7.9\HikariCP-2.7.9.jar;C:\dev\apache-maven-3.5.3\repository\org\springframework\spring-jdbc\5.0.12.RELEASE\spring-jdbc-5.0.12.RELEASE.jar;C:\dev\apache-maven-3.5.3\repository\org\springframework\spring-tx\5.0.12.RELEASE\spring-tx-5.0.12.RELEASE.jar;C:\dev\apache-maven-3.5.3\repository\org\mybatis\spring\boot\mybatis-spring-boot-starter\2.0.0\mybatis-spring-boot-starter-2.0.0.jar;C:\dev\apache-maven-3.5.3\repository\org\mybatis\spring\boot\mybatis-spring-boot-autoconfigure\2.0.0\mybatis-spring-boot-autoconfigure-2.0.0.jar;C:\dev\apache-maven-3.5.3\repository\org\mybatis\mybatis\3.5.0\mybatis-3.5.0.jar;C:\dev\apache-maven-3.5.3\repository\org\mybatis\mybatis-spring\2.0.0\mybatis-spring-2.0.0.jar;C:\dev\apache-maven-3.5.3\repository\mysql\mysql-connector-java\5.1.47\mysql-connector-java-5.1.47.jar;C:\dev\apache-maven-3.5.3\repository\javax\mail\mail\1.4.7\mail-1.4.7.jar;C:\dev\apache-maven-3.5.3\repository\javax\activation\activation\1.1\activation-1.1.jar;"/>
>>>>>>> faf3283c0d40e9f8335faf5956c4d60003855fe2
    <property name="java.vm.vendor" value="Oracle Corporation"/>
    <property name="sun.arch.data.model" value="64"/>
    <property name="user.variant" value=""/>
    <property name="java.vendor.url" value="http://java.oracle.com/"/>
    <property name="user.timezone" value=""/>
    <property name="java.vm.specification.version" value="1.8"/>
    <property name="os.name" value="Windows 7"/>
    <property name="user.country" value="KR"/>
    <property name="sun.java.launcher" value="SUN_STANDARD"/>
    <property name="sun.boot.library.path" value="C:\dev\java-1.8.0-openjdk-1.8.0.191-1\jre\bin"/>
<<<<<<< HEAD
    <property name="sun.java.command" value="C:\Users\nara111\AppData\Local\Temp\surefire5943456317848766317\surefirebooter6918253011259546599.jar C:\Users\nara111\AppData\Local\Temp\surefire5943456317848766317 2019-04-22T16-33-40_534-jvmRun1 surefire5705261110166801554tmp surefire_0492685167129189137tmp"/>
    <property name="surefire.test.class.path" value="C:\dev\eclipse-workspace\PnuWebSpeller\target\test-classes;C:\dev\eclipse-workspace\PnuWebSpeller\target\classes;C:\dev\apache-maven-3.5.3\repository\org\springframework\boot\spring-boot-starter-web\2.0.8.RELEASE\spring-boot-starter-web-2.0.8.RELEASE.jar;C:\dev\apache-maven-3.5.3\repository\org\springframework\boot\spring-boot-starter\2.0.8.RELEASE\spring-boot-starter-2.0.8.RELEASE.jar;C:\dev\apache-maven-3.5.3\repository\org\springframework\boot\spring-boot-starter-logging\2.0.8.RELEASE\spring-boot-starter-logging-2.0.8.RELEASE.jar;C:\dev\apache-maven-3.5.3\repository\ch\qos\logback\logback-classic\1.2.3\logback-classic-1.2.3.jar;C:\dev\apache-maven-3.5.3\repository\ch\qos\logback\logback-core\1.2.3\logback-core-1.2.3.jar;C:\dev\apache-maven-3.5.3\repository\org\apache\logging\log4j\log4j-to-slf4j\2.10.0\log4j-to-slf4j-2.10.0.jar;C:\dev\apache-maven-3.5.3\repository\org\apache\logging\log4j\log4j-api\2.10.0\log4j-api-2.10.0.jar;C:\dev\apache-maven-3.5.3\repository\org\slf4j\jul-to-slf4j\1.7.25\jul-to-slf4j-1.7.25.jar;C:\dev\apache-maven-3.5.3\repository\org\yaml\snakeyaml\1.19\snakeyaml-1.19.jar;C:\dev\apache-maven-3.5.3\repository\org\springframework\boot\spring-boot-starter-json\2.0.8.RELEASE\spring-boot-starter-json-2.0.8.RELEASE.jar;C:\dev\apache-maven-3.5.3\repository\com\fasterxml\jackson\core\jackson-databind\2.9.8\jackson-databind-2.9.8.jar;C:\dev\apache-maven-3.5.3\repository\com\fasterxml\jackson\core\jackson-annotations\2.9.0\jackson-annotations-2.9.0.jar;C:\dev\apache-maven-3.5.3\repository\com\fasterxml\jackson\core\jackson-core\2.9.8\jackson-core-2.9.8.jar;C:\dev\apache-maven-3.5.3\repository\com\fasterxml\jackson\datatype\jackson-datatype-jdk8\2.9.8\jackson-datatype-jdk8-2.9.8.jar;C:\dev\apache-maven-3.5.3\repository\com\fasterxml\jackson\datatype\jackson-datatype-jsr310\2.9.8\jackson-datatype-jsr310-2.9.8.jar;C:\dev\apache-maven-3.5.3\repository\com\fasterxml\jackson\module\jackson-module-parameter-names\2.9.8\jackson-module-parameter-names-2.9.8.jar;C:\dev\apache-maven-3.5.3\repository\org\hibernate\validator\hibernate-validator\6.0.14.Final\hibernate-validator-6.0.14.Final.jar;C:\dev\apache-maven-3.5.3\repository\javax\validation\validation-api\2.0.1.Final\validation-api-2.0.1.Final.jar;C:\dev\apache-maven-3.5.3\repository\org\jboss\logging\jboss-logging\3.3.2.Final\jboss-logging-3.3.2.Final.jar;C:\dev\apache-maven-3.5.3\repository\com\fasterxml\classmate\1.3.4\classmate-1.3.4.jar;C:\dev\apache-maven-3.5.3\repository\org\springframework\spring-web\5.0.12.RELEASE\spring-web-5.0.12.RELEASE.jar;C:\dev\apache-maven-3.5.3\repository\org\springframework\spring-beans\5.0.12.RELEASE\spring-beans-5.0.12.RELEASE.jar;C:\dev\apache-maven-3.5.3\repository\org\springframework\spring-webmvc\5.0.12.RELEASE\spring-webmvc-5.0.12.RELEASE.jar;C:\dev\apache-maven-3.5.3\repository\org\springframework\spring-aop\5.0.12.RELEASE\spring-aop-5.0.12.RELEASE.jar;C:\dev\apache-maven-3.5.3\repository\org\springframework\spring-context\5.0.12.RELEASE\spring-context-5.0.12.RELEASE.jar;C:\dev\apache-maven-3.5.3\repository\org\springframework\spring-expression\5.0.12.RELEASE\spring-expression-5.0.12.RELEASE.jar;C:\dev\apache-maven-3.5.3\repository\org\springframework\boot\spring-boot-devtools\2.0.8.RELEASE\spring-boot-devtools-2.0.8.RELEASE.jar;C:\dev\apache-maven-3.5.3\repository\org\springframework\boot\spring-boot\2.0.8.RELEASE\spring-boot-2.0.8.RELEASE.jar;C:\dev\apache-maven-3.5.3\repository\org\springframework\boot\spring-boot-autoconfigure\2.0.8.RELEASE\spring-boot-autoconfigure-2.0.8.RELEASE.jar;C:\dev\apache-maven-3.5.3\repository\org\springframework\boot\spring-boot-starter-test\2.0.8.RELEASE\spring-boot-starter-test-2.0.8.RELEASE.jar;C:\dev\apache-maven-3.5.3\repository\org\springframework\boot\spring-boot-test\2.0.8.RELEASE\spring-boot-test-2.0.8.RELEASE.jar;C:\dev\apache-maven-3.5.3\repository\org\springframework\boot\spring-boot-test-autoconfigure\2.0.8.RELEASE\spring-boot-test-autoconfigure-2.0.8.RELEASE.jar;C:\dev\apache-maven-3.5.3\repository\com\jayway\jsonpath\json-path\2.4.0\json-path-2.4.0.jar;C:\dev\apache-maven-3.5.3\repository\net\minidev\json-smart\2.3\json-smart-2.3.jar;C:\dev\apache-maven-3.5.3\repository\net\minidev\accessors-smart\1.2\accessors-smart-1.2.jar;C:\dev\apache-maven-3.5.3\repository\org\ow2\asm\asm\5.0.4\asm-5.0.4.jar;C:\dev\apache-maven-3.5.3\repository\org\slf4j\slf4j-api\1.7.25\slf4j-api-1.7.25.jar;C:\dev\apache-maven-3.5.3\repository\junit\junit\4.12\junit-4.12.jar;C:\dev\apache-maven-3.5.3\repository\org\assertj\assertj-core\3.9.1\assertj-core-3.9.1.jar;C:\dev\apache-maven-3.5.3\repository\org\mockito\mockito-core\2.15.0\mockito-core-2.15.0.jar;C:\dev\apache-maven-3.5.3\repository\net\bytebuddy\byte-buddy\1.7.11\byte-buddy-1.7.11.jar;C:\dev\apache-maven-3.5.3\repository\net\bytebuddy\byte-buddy-agent\1.7.11\byte-buddy-agent-1.7.11.jar;C:\dev\apache-maven-3.5.3\repository\org\objenesis\objenesis\2.6\objenesis-2.6.jar;C:\dev\apache-maven-3.5.3\repository\org\hamcrest\hamcrest-core\1.3\hamcrest-core-1.3.jar;C:\dev\apache-maven-3.5.3\repository\org\hamcrest\hamcrest-library\1.3\hamcrest-library-1.3.jar;C:\dev\apache-maven-3.5.3\repository\org\skyscreamer\jsonassert\1.5.0\jsonassert-1.5.0.jar;C:\dev\apache-maven-3.5.3\repository\com\vaadin\external\google\android-json\0.0.20131108.vaadin1\android-json-0.0.20131108.vaadin1.jar;C:\dev\apache-maven-3.5.3\repository\org\springframework\spring-core\5.0.12.RELEASE\spring-core-5.0.12.RELEASE.jar;C:\dev\apache-maven-3.5.3\repository\org\springframework\spring-jcl\5.0.12.RELEASE\spring-jcl-5.0.12.RELEASE.jar;C:\dev\apache-maven-3.5.3\repository\org\springframework\spring-test\5.0.12.RELEASE\spring-test-5.0.12.RELEASE.jar;C:\dev\apache-maven-3.5.3\repository\org\xmlunit\xmlunit-core\2.5.1\xmlunit-core-2.5.1.jar;C:\dev\apache-maven-3.5.3\repository\org\json\json\20180813\json-20180813.jar;C:\dev\apache-maven-3.5.3\repository\org\springframework\boot\spring-boot-starter-tomcat\2.0.8.RELEASE\spring-boot-starter-tomcat-2.0.8.RELEASE.jar;C:\dev\apache-maven-3.5.3\repository\javax\annotation\javax.annotation-api\1.3.2\javax.annotation-api-1.3.2.jar;C:\dev\apache-maven-3.5.3\repository\org\apache\tomcat\embed\tomcat-embed-core\8.5.37\tomcat-embed-core-8.5.37.jar;C:\dev\apache-maven-3.5.3\repository\org\apache\tomcat\embed\tomcat-embed-el\8.5.37\tomcat-embed-el-8.5.37.jar;C:\dev\apache-maven-3.5.3\repository\org\apache\tomcat\embed\tomcat-embed-websocket\8.5.37\tomcat-embed-websocket-8.5.37.jar;C:\dev\apache-maven-3.5.3\repository\javax\servlet\jstl\1.2\jstl-1.2.jar;C:\dev\apache-maven-3.5.3\repository\org\springframework\boot\spring-boot-starter-jdbc\2.0.8.RELEASE\spring-boot-starter-jdbc-2.0.8.RELEASE.jar;C:\dev\apache-maven-3.5.3\repository\com\zaxxer\HikariCP\2.7.9\HikariCP-2.7.9.jar;C:\dev\apache-maven-3.5.3\repository\org\springframework\spring-jdbc\5.0.12.RELEASE\spring-jdbc-5.0.12.RELEASE.jar;C:\dev\apache-maven-3.5.3\repository\org\springframework\spring-tx\5.0.12.RELEASE\spring-tx-5.0.12.RELEASE.jar;C:\dev\apache-maven-3.5.3\repository\org\mybatis\spring\boot\mybatis-spring-boot-starter\2.0.0\mybatis-spring-boot-starter-2.0.0.jar;C:\dev\apache-maven-3.5.3\repository\org\mybatis\spring\boot\mybatis-spring-boot-autoconfigure\2.0.0\mybatis-spring-boot-autoconfigure-2.0.0.jar;C:\dev\apache-maven-3.5.3\repository\org\mybatis\mybatis\3.5.0\mybatis-3.5.0.jar;C:\dev\apache-maven-3.5.3\repository\org\mybatis\mybatis-spring\2.0.0\mybatis-spring-2.0.0.jar;C:\dev\apache-maven-3.5.3\repository\mysql\mysql-connector-java\6.0.6\mysql-connector-java-6.0.6.jar;C:\dev\apache-maven-3.5.3\repository\javax\mail\mail\1.4.7\mail-1.4.7.jar;C:\dev\apache-maven-3.5.3\repository\javax\activation\activation\1.1\activation-1.1.jar;"/>
=======
    <property name="sun.java.command" value="C:\Users\nara111\AppData\Local\Temp\surefire7803082158948626949\surefirebooter5021450514414946664.jar C:\Users\nara111\AppData\Local\Temp\surefire7803082158948626949 2019-03-04T09-38-15_951-jvmRun1 surefire4371461183244348687tmp surefire_07561577739157856626tmp"/>
    <property name="surefire.test.class.path" value="C:\dev\eclipse-workspace\PnuWebSpeller\target\test-classes;C:\dev\eclipse-workspace\PnuWebSpeller\target\classes;C:\dev\apache-maven-3.5.3\repository\org\springframework\boot\spring-boot-starter-web\2.0.8.RELEASE\spring-boot-starter-web-2.0.8.RELEASE.jar;C:\dev\apache-maven-3.5.3\repository\org\springframework\boot\spring-boot-starter\2.0.8.RELEASE\spring-boot-starter-2.0.8.RELEASE.jar;C:\dev\apache-maven-3.5.3\repository\org\springframework\boot\spring-boot-starter-logging\2.0.8.RELEASE\spring-boot-starter-logging-2.0.8.RELEASE.jar;C:\dev\apache-maven-3.5.3\repository\ch\qos\logback\logback-classic\1.2.3\logback-classic-1.2.3.jar;C:\dev\apache-maven-3.5.3\repository\ch\qos\logback\logback-core\1.2.3\logback-core-1.2.3.jar;C:\dev\apache-maven-3.5.3\repository\org\apache\logging\log4j\log4j-to-slf4j\2.10.0\log4j-to-slf4j-2.10.0.jar;C:\dev\apache-maven-3.5.3\repository\org\apache\logging\log4j\log4j-api\2.10.0\log4j-api-2.10.0.jar;C:\dev\apache-maven-3.5.3\repository\org\slf4j\jul-to-slf4j\1.7.25\jul-to-slf4j-1.7.25.jar;C:\dev\apache-maven-3.5.3\repository\org\yaml\snakeyaml\1.19\snakeyaml-1.19.jar;C:\dev\apache-maven-3.5.3\repository\org\springframework\boot\spring-boot-starter-json\2.0.8.RELEASE\spring-boot-starter-json-2.0.8.RELEASE.jar;C:\dev\apache-maven-3.5.3\repository\com\fasterxml\jackson\core\jackson-databind\2.9.8\jackson-databind-2.9.8.jar;C:\dev\apache-maven-3.5.3\repository\com\fasterxml\jackson\core\jackson-annotations\2.9.0\jackson-annotations-2.9.0.jar;C:\dev\apache-maven-3.5.3\repository\com\fasterxml\jackson\core\jackson-core\2.9.8\jackson-core-2.9.8.jar;C:\dev\apache-maven-3.5.3\repository\com\fasterxml\jackson\datatype\jackson-datatype-jdk8\2.9.8\jackson-datatype-jdk8-2.9.8.jar;C:\dev\apache-maven-3.5.3\repository\com\fasterxml\jackson\datatype\jackson-datatype-jsr310\2.9.8\jackson-datatype-jsr310-2.9.8.jar;C:\dev\apache-maven-3.5.3\repository\com\fasterxml\jackson\module\jackson-module-parameter-names\2.9.8\jackson-module-parameter-names-2.9.8.jar;C:\dev\apache-maven-3.5.3\repository\org\hibernate\validator\hibernate-validator\6.0.14.Final\hibernate-validator-6.0.14.Final.jar;C:\dev\apache-maven-3.5.3\repository\javax\validation\validation-api\2.0.1.Final\validation-api-2.0.1.Final.jar;C:\dev\apache-maven-3.5.3\repository\org\jboss\logging\jboss-logging\3.3.2.Final\jboss-logging-3.3.2.Final.jar;C:\dev\apache-maven-3.5.3\repository\com\fasterxml\classmate\1.3.4\classmate-1.3.4.jar;C:\dev\apache-maven-3.5.3\repository\org\springframework\spring-web\5.0.12.RELEASE\spring-web-5.0.12.RELEASE.jar;C:\dev\apache-maven-3.5.3\repository\org\springframework\spring-beans\5.0.12.RELEASE\spring-beans-5.0.12.RELEASE.jar;C:\dev\apache-maven-3.5.3\repository\org\springframework\spring-webmvc\5.0.12.RELEASE\spring-webmvc-5.0.12.RELEASE.jar;C:\dev\apache-maven-3.5.3\repository\org\springframework\spring-aop\5.0.12.RELEASE\spring-aop-5.0.12.RELEASE.jar;C:\dev\apache-maven-3.5.3\repository\org\springframework\spring-context\5.0.12.RELEASE\spring-context-5.0.12.RELEASE.jar;C:\dev\apache-maven-3.5.3\repository\org\springframework\spring-expression\5.0.12.RELEASE\spring-expression-5.0.12.RELEASE.jar;C:\dev\apache-maven-3.5.3\repository\org\springframework\boot\spring-boot-devtools\2.0.8.RELEASE\spring-boot-devtools-2.0.8.RELEASE.jar;C:\dev\apache-maven-3.5.3\repository\org\springframework\boot\spring-boot\2.0.8.RELEASE\spring-boot-2.0.8.RELEASE.jar;C:\dev\apache-maven-3.5.3\repository\org\springframework\boot\spring-boot-autoconfigure\2.0.8.RELEASE\spring-boot-autoconfigure-2.0.8.RELEASE.jar;C:\dev\apache-maven-3.5.3\repository\org\springframework\boot\spring-boot-starter-test\2.0.8.RELEASE\spring-boot-starter-test-2.0.8.RELEASE.jar;C:\dev\apache-maven-3.5.3\repository\org\springframework\boot\spring-boot-test\2.0.8.RELEASE\spring-boot-test-2.0.8.RELEASE.jar;C:\dev\apache-maven-3.5.3\repository\org\springframework\boot\spring-boot-test-autoconfigure\2.0.8.RELEASE\spring-boot-test-autoconfigure-2.0.8.RELEASE.jar;C:\dev\apache-maven-3.5.3\repository\com\jayway\jsonpath\json-path\2.4.0\json-path-2.4.0.jar;C:\dev\apache-maven-3.5.3\repository\net\minidev\json-smart\2.3\json-smart-2.3.jar;C:\dev\apache-maven-3.5.3\repository\net\minidev\accessors-smart\1.2\accessors-smart-1.2.jar;C:\dev\apache-maven-3.5.3\repository\org\ow2\asm\asm\5.0.4\asm-5.0.4.jar;C:\dev\apache-maven-3.5.3\repository\org\slf4j\slf4j-api\1.7.25\slf4j-api-1.7.25.jar;C:\dev\apache-maven-3.5.3\repository\junit\junit\4.12\junit-4.12.jar;C:\dev\apache-maven-3.5.3\repository\org\assertj\assertj-core\3.9.1\assertj-core-3.9.1.jar;C:\dev\apache-maven-3.5.3\repository\org\mockito\mockito-core\2.15.0\mockito-core-2.15.0.jar;C:\dev\apache-maven-3.5.3\repository\net\bytebuddy\byte-buddy\1.7.11\byte-buddy-1.7.11.jar;C:\dev\apache-maven-3.5.3\repository\net\bytebuddy\byte-buddy-agent\1.7.11\byte-buddy-agent-1.7.11.jar;C:\dev\apache-maven-3.5.3\repository\org\objenesis\objenesis\2.6\objenesis-2.6.jar;C:\dev\apache-maven-3.5.3\repository\org\hamcrest\hamcrest-core\1.3\hamcrest-core-1.3.jar;C:\dev\apache-maven-3.5.3\repository\org\hamcrest\hamcrest-library\1.3\hamcrest-library-1.3.jar;C:\dev\apache-maven-3.5.3\repository\org\skyscreamer\jsonassert\1.5.0\jsonassert-1.5.0.jar;C:\dev\apache-maven-3.5.3\repository\com\vaadin\external\google\android-json\0.0.20131108.vaadin1\android-json-0.0.20131108.vaadin1.jar;C:\dev\apache-maven-3.5.3\repository\org\springframework\spring-core\5.0.12.RELEASE\spring-core-5.0.12.RELEASE.jar;C:\dev\apache-maven-3.5.3\repository\org\springframework\spring-jcl\5.0.12.RELEASE\spring-jcl-5.0.12.RELEASE.jar;C:\dev\apache-maven-3.5.3\repository\org\springframework\spring-test\5.0.12.RELEASE\spring-test-5.0.12.RELEASE.jar;C:\dev\apache-maven-3.5.3\repository\org\xmlunit\xmlunit-core\2.5.1\xmlunit-core-2.5.1.jar;C:\dev\apache-maven-3.5.3\repository\org\json\json\20180813\json-20180813.jar;C:\dev\apache-maven-3.5.3\repository\org\springframework\boot\spring-boot-starter-tomcat\2.0.8.RELEASE\spring-boot-starter-tomcat-2.0.8.RELEASE.jar;C:\dev\apache-maven-3.5.3\repository\javax\annotation\javax.annotation-api\1.3.2\javax.annotation-api-1.3.2.jar;C:\dev\apache-maven-3.5.3\repository\org\apache\tomcat\embed\tomcat-embed-core\8.5.37\tomcat-embed-core-8.5.37.jar;C:\dev\apache-maven-3.5.3\repository\org\apache\tomcat\embed\tomcat-embed-el\8.5.37\tomcat-embed-el-8.5.37.jar;C:\dev\apache-maven-3.5.3\repository\org\apache\tomcat\embed\tomcat-embed-websocket\8.5.37\tomcat-embed-websocket-8.5.37.jar;C:\dev\apache-maven-3.5.3\repository\javax\servlet\jstl\1.2\jstl-1.2.jar;C:\dev\apache-maven-3.5.3\repository\org\springframework\boot\spring-boot-starter-jdbc\2.0.8.RELEASE\spring-boot-starter-jdbc-2.0.8.RELEASE.jar;C:\dev\apache-maven-3.5.3\repository\com\zaxxer\HikariCP\2.7.9\HikariCP-2.7.9.jar;C:\dev\apache-maven-3.5.3\repository\org\springframework\spring-jdbc\5.0.12.RELEASE\spring-jdbc-5.0.12.RELEASE.jar;C:\dev\apache-maven-3.5.3\repository\org\springframework\spring-tx\5.0.12.RELEASE\spring-tx-5.0.12.RELEASE.jar;C:\dev\apache-maven-3.5.3\repository\org\mybatis\spring\boot\mybatis-spring-boot-starter\2.0.0\mybatis-spring-boot-starter-2.0.0.jar;C:\dev\apache-maven-3.5.3\repository\org\mybatis\spring\boot\mybatis-spring-boot-autoconfigure\2.0.0\mybatis-spring-boot-autoconfigure-2.0.0.jar;C:\dev\apache-maven-3.5.3\repository\org\mybatis\mybatis\3.5.0\mybatis-3.5.0.jar;C:\dev\apache-maven-3.5.3\repository\org\mybatis\mybatis-spring\2.0.0\mybatis-spring-2.0.0.jar;C:\dev\apache-maven-3.5.3\repository\mysql\mysql-connector-java\5.1.47\mysql-connector-java-5.1.47.jar;C:\dev\apache-maven-3.5.3\repository\javax\mail\mail\1.4.7\mail-1.4.7.jar;C:\dev\apache-maven-3.5.3\repository\javax\activation\activation\1.1\activation-1.1.jar;"/>
>>>>>>> faf3283c0d40e9f8335faf5956c4d60003855fe2
    <property name="sun.cpu.endian" value="little"/>
    <property name="user.home" value="C:\Users\nara111"/>
    <property name="user.language" value="ko"/>
    <property name="java.specification.vendor" value="Oracle Corporation"/>
    <property name="java.home" value="C:\dev\java-1.8.0-openjdk-1.8.0.191-1\jre"/>
    <property name="basedir" value="C:\dev\eclipse-workspace\PnuWebSpeller"/>
    <property name="file.separator" value="\"/>
    <property name="line.separator" value="&#10;"/>
    <property name="java.vm.specification.vendor" value="Oracle Corporation"/>
    <property name="java.specification.name" value="Java Platform API Specification"/>
    <property name="java.awt.graphicsenv" value="sun.awt.Win32GraphicsEnvironment"/>
<<<<<<< HEAD
    <property name="surefire.real.class.path" value="C:\Users\nara111\AppData\Local\Temp\surefire5943456317848766317\surefirebooter6918253011259546599.jar"/>
=======
    <property name="surefire.real.class.path" value="C:\Users\nara111\AppData\Local\Temp\surefire7803082158948626949\surefirebooter5021450514414946664.jar"/>
>>>>>>> faf3283c0d40e9f8335faf5956c4d60003855fe2
    <property name="sun.boot.class.path" value="C:\dev\java-1.8.0-openjdk-1.8.0.191-1\jre\lib\resources.jar;C:\dev\java-1.8.0-openjdk-1.8.0.191-1\jre\lib\rt.jar;C:\dev\java-1.8.0-openjdk-1.8.0.191-1\jre\lib\sunrsasign.jar;C:\dev\java-1.8.0-openjdk-1.8.0.191-1\jre\lib\jsse.jar;C:\dev\java-1.8.0-openjdk-1.8.0.191-1\jre\lib\jce.jar;C:\dev\java-1.8.0-openjdk-1.8.0.191-1\jre\lib\charsets.jar;C:\dev\java-1.8.0-openjdk-1.8.0.191-1\jre\lib\jfr.jar;C:\dev\java-1.8.0-openjdk-1.8.0.191-1\jre\classes"/>
    <property name="user.script" value=""/>
    <property name="sun.management.compiler" value="HotSpot 64-Bit Tiered Compilers"/>
    <property name="java.runtime.version" value="1.8.0_191-1-ojdkbuild-b12"/>
    <property name="user.name" value="nara111"/>
    <property name="path.separator" value=";"/>
    <property name="os.version" value="6.1"/>
    <property name="java.endorsed.dirs" value="C:\dev\java-1.8.0-openjdk-1.8.0.191-1\jre\lib\endorsed"/>
    <property name="java.runtime.name" value="OpenJDK Runtime Environment"/>
    <property name="file.encoding" value="MS949"/>
    <property name="java.vm.name" value="OpenJDK 64-Bit Server VM"/>
    <property name="localRepository" value="C:\dev\apache-maven-3.5.3\repository"/>
    <property name="java.vendor.url.bug" value="http://bugreport.sun.com/bugreport/"/>
    <property name="java.io.tmpdir" value="C:\Users\nara111\AppData\Local\Temp\"/>
    <property name="java.version" value="1.8.0_191-1-ojdkbuild"/>
    <property name="user.dir" value="C:\dev\eclipse-workspace\PnuWebSpeller"/>
    <property name="os.arch" value="amd64"/>
    <property name="java.vm.specification.name" value="Java Virtual Machine Specification"/>
    <property name="java.awt.printerjob" value="sun.awt.windows.WPrinterJob"/>
    <property name="sun.os.patch.level" value="Service Pack 1"/>
<<<<<<< HEAD
    <property name="java.library.path" value="C:\dev\java-1.8.0-openjdk-1.8.0.191-1\jre\bin;C:\Windows\Sun\Java\bin;C:\Windows\system32;C:\Windows;C:\Program Files (x86)\Common Files\Oracle\Java\javapath;C:\ProgramData\Oracle\Java\javapath;C:\Program Files (x86)\Intel\iCLS Client\;C:\Program Files\Intel\iCLS Client\;C:\Windows\system32;C:\Windows;C:\Windows\System32\Wbem;C:\Windows\System32\WindowsPowerShell\v1.0\;C:\Program Files\Intel\Intel(R) Management Engine Components\DAL;C:\Program Files\Intel\Intel(R) Management Engine Components\IPT;C:\Program Files (x86)\Intel\Intel(R) Management Engine Components\DAL;C:\Program Files (x86)\Intel\Intel(R) Management Engine Components\IPT;C:\Program Files (x86)\NVIDIA Corporation\PhysX\Common;C:\Program Files\dotnet\;C:\Program Files\Microsoft SQL Server\130\Tools\Binn\;C:\Program Files (x86)\MySQL\MySQL Fabric 1.5 &amp; MySQL Utilities 1.5\;C:\Program Files (x86)\MySQL\MySQL Fabric 1.5 &amp; MySQL Utilities 1.5\Doctrine extensions for PHP\;C:\Program Files\MySQL\MySQL Server 5.7\bin;C:\Program Files\Microsoft VS Code\bin;C:\dev\apache-maven-3.5.3\bin;C:\dev\java-1.8.0-openjdk-1.8.0.191-1\bin;C:\Program Files (x86)\PuTTY\;C:\dev\java-1.8.0-openjdk-1.8.0.191-1\bin;C:\Program Files\Git\cmd;C:\Apache24\bin;;C:\HNC\\hwp70\;C:\HNC\\hwp70\;C:\HNC\\hwp70\;C:\HNC\\hwp70\;C:\HNC\\hwp70\;C:\HNC\\hwp70\;C:\HNC\\hwp70\;C:\HNC\\hwp70\;C:\HNC\\hwp70\;C:\HNC\\hwp70\;C:\HNC\\hwp70\;C:\HNC\\hwp70\;C:\HNC\\hwp70\;C:\HNC\\hwp70\;C:\Program Files\Bandizip\;%JAVA_HOME%\bin;;C:\Program Files (x86)\Hnc\HOffice9\Bin\\;C:\Program Files (x86)\Hnc\HOffice9\Bin\\;C:\Program Files (x86)\Hnc\HOffice9\Bin\\;C:\Program Files (x86)\Hnc\HOffice9\Bin\\;C:\Program Files (x86)\Hnc\Office NEO\HOffice96\Bin\\;C:\Program Files (x86)\Hnc\Office NEO\HOffice96\Bin\\;C:\Program Files (x86)\Hnc\Office NEO\HOffice96\Bin\\;."/>
=======
    <property name="java.library.path" value="C:\dev\java-1.8.0-openjdk-1.8.0.191-1\jre\bin;C:\Windows\Sun\Java\bin;C:\Windows\system32;C:\Windows;C:\Program Files (x86)\Common Files\Oracle\Java\javapath;C:\ProgramData\Oracle\Java\javapath;C:\Program Files (x86)\Intel\iCLS Client\;C:\Program Files\Intel\iCLS Client\;C:\Windows\system32;C:\Windows;C:\Windows\System32\Wbem;C:\Windows\System32\WindowsPowerShell\v1.0\;C:\Program Files\Intel\Intel(R) Management Engine Components\DAL;C:\Program Files\Intel\Intel(R) Management Engine Components\IPT;C:\Program Files (x86)\Intel\Intel(R) Management Engine Components\DAL;C:\Program Files (x86)\Intel\Intel(R) Management Engine Components\IPT;C:\Program Files (x86)\NVIDIA Corporation\PhysX\Common;C:\Program Files\dotnet\;C:\Program Files\Microsoft SQL Server\130\Tools\Binn\;C:\Program Files (x86)\MySQL\MySQL Fabric 1.5 &amp; MySQL Utilities 1.5\;C:\Program Files (x86)\MySQL\MySQL Fabric 1.5 &amp; MySQL Utilities 1.5\Doctrine extensions for PHP\;C:\Program Files\MySQL\MySQL Server 5.7\bin;C:\Program Files\Microsoft VS Code\bin;C:\dev\apache-maven-3.5.3\bin;C:\dev\java-1.8.0-openjdk-1.8.0.191-1\bin;C:\Program Files (x86)\PuTTY\;C:\dev\java-1.8.0-openjdk-1.8.0.191-1\bin;;C:\HNC\\hwp70\;C:\HNC\\hwp70\;C:\HNC\\hwp70\;C:\HNC\\hwp70\;C:\HNC\\hwp70\;C:\HNC\\hwp70\;C:\HNC\\hwp70\;C:\HNC\\hwp70\;C:\HNC\\hwp70\;C:\HNC\\hwp70\;C:\HNC\\hwp70\;C:\HNC\\hwp70\;C:\HNC\\hwp70\;C:\HNC\\hwp70\;C:\Program Files\Bandizip\;%JAVA_HOME%\bin;;C:\Program Files (x86)\Hnc\HOffice9\Bin\\;C:\Program Files (x86)\Hnc\HOffice9\Bin\\;C:\Program Files (x86)\Hnc\HOffice9\Bin\\;."/>
>>>>>>> faf3283c0d40e9f8335faf5956c4d60003855fe2
    <property name="java.vm.info" value="mixed mode"/>
    <property name="java.vendor" value="Oracle Corporation"/>
    <property name="java.vm.version" value="25.191-b12"/>
    <property name="java.ext.dirs" value="C:\dev\java-1.8.0-openjdk-1.8.0.191-1\jre\lib\ext;C:\Windows\Sun\Java\lib\ext"/>
    <property name="sun.io.unicode.encoding" value="UnicodeLittle"/>
    <property name="java.class.version" value="52.0"/>
  </properties>
<<<<<<< HEAD
  <testcase name="아이피테스트" classname="org.narainfo.PnuWebSpellerApplicationTests" time="0.001"/>
=======
  <testcase name="contextLoads" classname="org.narainfo.PnuWebSpellerApplicationTests" time="0.001"/>
>>>>>>> faf3283c0d40e9f8335faf5956c4d60003855fe2
</testsuite>